<html>
<head>
<title>TestNG:  edgetest</title>
<link href="../testng.css" rel="stylesheet" type="text/css" />
<link href="../my-testng.css" rel="stylesheet" type="text/css" />

<style type="text/css">
.log { display: none;} 
.stack-trace { display: none;} 
</style>
<script type="text/javascript">
<!--
function flip(e) {
  current = e.style.display;
  if (current == 'block') {
    e.style.display = 'none';
    return 0;
  }
  else {
    e.style.display = 'block';
    return 1;
  }
}

function toggleBox(szDivId, elem, msg1, msg2)
{
  var res = -1;  if (document.getElementById) {
    res = flip(document.getElementById(szDivId));
  }
  else if (document.all) {
    // this is the way old msie versions work
    res = flip(document.all[szDivId]);
  }
  if(elem) {
    if(res == 0) elem.innerHTML = msg1; else elem.innerHTML = msg2;
  }

}

function toggleAllBoxes() {
  if (document.getElementsByTagName) {
    d = document.getElementsByTagName('div');
    for (i = 0; i < d.length; i++) {
      if (d[i].className == 'log') {
        flip(d[i]);
      }
    }
  }
}

// -->
</script>

</head>
<body>
<h2 align='center'>edgetest</h2><table border='1' align="center">
<tr>
<td>Tests passed/Failed/Skipped:</td><td>8/1/0</td>
</tr><tr>
<td>Started on:</td><td>Tue Apr 02 15:43:27 IST 2024</td>
</tr>
<tr><td>Total time:</td><td>64 seconds (64748 ms)</td>
</tr><tr>
<td>Included groups:</td><td></td>
</tr><tr>
<td>Excluded groups:</td><td></td>
</tr>
</table><p/>
<small><i>(Hover the method name to see the test class name)</i></small><p/>
<table width='100%' border='1' class='invocation-failed'>
<tr><td colspan='4' align='center'><b>FAILED TESTS</b></td></tr>
<tr><td><b>Test method</b></td>
<td><b>Attribute(s)</b></td>
<td width="30%"><b>Exception</b></td>
<td width="10%"><b>Time (seconds)</b></td>
<td><b>Instance</b></td>
</tr>
<tr>
<td title='testCases.TC_001_UserInfoTest.verifyUserInfoDisplay()'><b>verifyUserInfoDisplay</b><br>Test class: testCases.TC_001_UserInfoTest</td>
<td><div><pre>java.lang.AssertionError: An exception occured:Expected condition failed: waiting for element to be clickable: Proxy element for: DefaultElementLocator &apos;By.xpath: //button[@id=&apos;O365_MainLink_Me&apos;]&apos; (tried for 30 second(s) with 500 milliseconds interval)
	at testCases.TC_001_UserInfoTest.verifyUserInfoDisplay(TC_001_UserInfoTest.java:61)
	at java.base/java.util.ArrayList.forEach(ArrayList.java:1511)
... Removed 28 stack frames</pre></div><a href='#' onClick='toggleBox("stack-trace651992021", this, "Click to show all stack frames", "Click to hide stack frames")'>Click to show all stack frames</a>
<div class='stack-trace' id='stack-trace651992021'><pre>java.lang.AssertionError: An exception occured:Expected condition failed: waiting for element to be clickable: Proxy element for: DefaultElementLocator &apos;By.xpath: //button[@id=&apos;O365_MainLink_Me&apos;]&apos; (tried for 30 second(s) with 500 milliseconds interval)
	at org.testng.Assert.fail(Assert.java:111)
	at testCases.TC_001_UserInfoTest.verifyUserInfoDisplay(TC_001_UserInfoTest.java:61)
	at java.base/jdk.internal.reflect.NativeMethodAccessorImpl.invoke0(Native Method)
	at java.base/jdk.internal.reflect.NativeMethodAccessorImpl.invoke(NativeMethodAccessorImpl.java:77)
	at java.base/jdk.internal.reflect.DelegatingMethodAccessorImpl.invoke(DelegatingMethodAccessorImpl.java:43)
	at java.base/java.lang.reflect.Method.invoke(Method.java:568)
	at org.testng.internal.invokers.MethodInvocationHelper.invokeMethod(MethodInvocationHelper.java:139)
	at org.testng.internal.invokers.TestInvoker.invokeMethod(TestInvoker.java:664)
	at org.testng.internal.invokers.TestInvoker.invokeTestMethod(TestInvoker.java:228)
	at org.testng.internal.invokers.MethodRunner.runInSequence(MethodRunner.java:63)
	at org.testng.internal.invokers.TestInvoker$MethodInvocationAgent.invoke(TestInvoker.java:961)
	at org.testng.internal.invokers.TestInvoker.invokeTestMethods(TestInvoker.java:201)
	at org.testng.internal.invokers.TestMethodWorker.invokeTestMethods(TestMethodWorker.java:148)
	at org.testng.internal.invokers.TestMethodWorker.run(TestMethodWorker.java:128)
	at java.base/java.util.ArrayList.forEach(ArrayList.java:1511)
	at org.testng.TestRunner.privateRun(TestRunner.java:819)
	at org.testng.TestRunner.run(TestRunner.java:619)
	at org.testng.SuiteRunner.runTest(SuiteRunner.java:443)
	at org.testng.SuiteRunner.runSequentially(SuiteRunner.java:437)
	at org.testng.SuiteRunner.privateRun(SuiteRunner.java:397)
	at org.testng.SuiteRunner.run(SuiteRunner.java:336)
	at org.testng.SuiteRunnerWorker.runSuite(SuiteRunnerWorker.java:52)
	at org.testng.SuiteRunnerWorker.run(SuiteRunnerWorker.java:95)
	at org.testng.TestNG.runSuitesSequentially(TestNG.java:1301)
	at org.testng.TestNG.runSuitesLocally(TestNG.java:1228)
	at org.testng.TestNG.runSuites(TestNG.java:1134)
	at org.testng.TestNG.run(TestNG.java:1101)
	at org.testng.remote.AbstractRemoteTestNG.run(AbstractRemoteTestNG.java:115)
	at org.testng.remote.RemoteTestNG.initAndRun(RemoteTestNG.java:251)
	at org.testng.remote.RemoteTestNG.main(RemoteTestNG.java:77)
</pre></div></td>
<td>41</td>
<td>testCases.TC_001_UserInfoTest@6fa51cd4</td></tr>
</table><p>
<table width='100%' border='1' class='invocation-passed'>
<tr><td colspan='4' align='center'><b>PASSED TESTS</b></td></tr>
<tr><td><b>Test method</b></td>
<td><b>Attribute(s)</b></td>
<td width="30%"><b>Exception</b></td>
<td width="10%"><b>Time (seconds)</b></td>
<td><b>Instance</b></td>
</tr>
<tr>
<td title='testCases.TC_007_VerifyMonthAndYear.verifyPresentMonYear()'><b>verifyPresentMonYear</b><br>Test class: testCases.TC_007_VerifyMonthAndYear</td>
<td></td>
<td>0</td>
<td>testCases.TC_007_VerifyMonthAndYear@6c284af</td></tr>
<tr>
<td title='testCases.TC_002_OneCognizantPage.navigateToOneC()'><b>navigateToOneC</b><br>Test class: testCases.TC_002_OneCognizantPage</td>
<td></td>
<td>0</td>
<td>testCases.TC_002_OneCognizantPage@1750fbeb</td></tr>
<tr>
<td title='testCases.TC_003_InputBox.enterInput()'><b>enterInput</b><br>Test class: testCases.TC_003_InputBox<br>Parameters: edge</td>
<td></td>
<td>3</td>
<td>testCases.TC_003_InputBox@5b247367</td></tr>
<tr>
<td title='testCases.TC_005_VerifyWeekDetails.comparingWeek()'><b>comparingWeek</b><br>Test class: testCases.TC_005_VerifyWeekDetails</td>
<td></td>
<td>2</td>
<td>testCases.TC_005_VerifyWeekDetails@6e9a5ed8</td></tr>
<tr>
<td title='testCases.TC_004_ClickOnTruTime.verifyTruTime()'><b>verifyTruTime</b><br>Test class: testCases.TC_004_ClickOnTruTime</td>
<td></td>
<td>0</td>
<td>testCases.TC_004_ClickOnTruTime@268f106e</td></tr>
<tr>
<td title='testCases.TC_009_VerifyLegends.verifyLast15Days()'><b>verifyLast15Days</b><br>Test class: testCases.TC_009_VerifyLegends</td>
<td></td>
<td>0</td>
<td>testCases.TC_009_VerifyLegends@6440112d</td></tr>
<tr>
<td title='testCases.TC_006_VerifyCurrentDate.verifyPresentDate()'><b>verifyPresentDate</b><br>Test class: testCases.TC_006_VerifyCurrentDate</td>
<td></td>
<td>0</td>
<td>testCases.TC_006_VerifyCurrentDate@7e057f43</td></tr>
<tr>
<td title='testCases.TC_008_VerifyBackDate.verifyLast15Days()'><b>verifyLast15Days</b><br>Test class: testCases.TC_008_VerifyBackDate</td>
<td></td>
<td>0</td>
<td>testCases.TC_008_VerifyBackDate@5890e879</td></tr>
</table><p>
</body>
</html>